{"C:\\Users\\Amar Singh\\Desktop\\TTN\\node js\\assignment5\\backend\\config\\db.js": {"path":"C:\\Users\\Amar Singh\\Desktop\\TTN\\node js\\assignment5\\backend\\config\\db.js","statementMap":{"0":{"start":{"line":4,"column":17},"end":{"line":4,"column":20}},"1":{"start":{"line":6,"column":0},"end":{"line":6,"column":16}},"2":{"start":{"line":7,"column":13},"end":{"line":13,"column":2}}},"fnMap":{},"branchMap":{},"s":{"0":1,"1":1,"2":1},"f":{},"b":{},"_coverageSchema":"1a1c01bbd47fc00a2c39e90264f33305004495a9","hash":"3aa62f9512f0e292abda95960b07b68e019cb2d6"}
,"C:\\Users\\Amar Singh\\Desktop\\TTN\\node js\\assignment5\\backend\\controllers\\taskController.js": {"path":"C:\\Users\\Amar Singh\\Desktop\\TTN\\node js\\assignment5\\backend\\controllers\\taskController.js","statementMap":{"0":{"start":{"line":2,"column":20},"end":{"line":2,"column":37}},"1":{"start":{"line":5,"column":2},"end":{"line":10,"column":3}},"2":{"start":{"line":6,"column":18},"end":{"line":6,"column":46}},"3":{"start":{"line":7,"column":4},"end":{"line":7,"column":20}},"4":{"start":{"line":9,"column":4},"end":{"line":9,"column":16}},"5":{"start":{"line":14,"column":2},"end":{"line":27,"column":3}},"6":{"start":{"line":15,"column":22},"end":{"line":15,"column":30}},"7":{"start":{"line":16,"column":4},"end":{"line":18,"column":5}},"8":{"start":{"line":17,"column":6},"end":{"line":17,"column":66}},"9":{"start":{"line":19,"column":4},"end":{"line":21,"column":5}},"10":{"start":{"line":20,"column":6},"end":{"line":20,"column":63}},"11":{"start":{"line":23,"column":17},"end":{"line":23,"column":49}},"12":{"start":{"line":24,"column":4},"end":{"line":24,"column":31}},"13":{"start":{"line":26,"column":4},"end":{"line":26,"column":16}},"14":{"start":{"line":31,"column":2},"end":{"line":46,"column":3}},"15":{"start":{"line":32,"column":19},"end":{"line":32,"column":29}},"16":{"start":{"line":33,"column":4},"end":{"line":33,"column":27}},"17":{"start":{"line":35,"column":4},"end":{"line":37,"column":5}},"18":{"start":{"line":36,"column":6},"end":{"line":36,"column":69}},"19":{"start":{"line":39,"column":4},"end":{"line":39,"column":45}},"20":{"start":{"line":40,"column":4},"end":{"line":40,"column":55}},"21":{"start":{"line":42,"column":4},"end":{"line":44,"column":5}},"22":{"start":{"line":43,"column":6},"end":{"line":43,"column":60}},"23":{"start":{"line":45,"column":4},"end":{"line":45,"column":16}}},"fnMap":{"0":{"name":"getTasks","decl":{"start":{"line":4,"column":22},"end":{"line":4,"column":30}},"loc":{"start":{"line":4,"column":47},"end":{"line":11,"column":1}},"line":4},"1":{"name":"createTask","decl":{"start":{"line":13,"column":22},"end":{"line":13,"column":32}},"loc":{"start":{"line":13,"column":49},"end":{"line":28,"column":1}},"line":13},"2":{"name":"deleteTask","decl":{"start":{"line":30,"column":22},"end":{"line":30,"column":32}},"loc":{"start":{"line":30,"column":49},"end":{"line":47,"column":1}},"line":30}},"branchMap":{"0":{"loc":{"start":{"line":16,"column":4},"end":{"line":18,"column":5}},"type":"if","locations":[{"start":{"line":16,"column":4},"end":{"line":18,"column":5}},{"start":{},"end":{}}],"line":16},"1":{"loc":{"start":{"line":19,"column":4},"end":{"line":21,"column":5}},"type":"if","locations":[{"start":{"line":19,"column":4},"end":{"line":21,"column":5}},{"start":{},"end":{}}],"line":19},"2":{"loc":{"start":{"line":35,"column":4},"end":{"line":37,"column":5}},"type":"if","locations":[{"start":{"line":35,"column":4},"end":{"line":37,"column":5}},{"start":{},"end":{}}],"line":35},"3":{"loc":{"start":{"line":35,"column":8},"end":{"line":35,"column":32}},"type":"binary-expr","locations":[{"start":{"line":35,"column":8},"end":{"line":35,"column":11}},{"start":{"line":35,"column":15},"end":{"line":35,"column":32}}],"line":35},"4":{"loc":{"start":{"line":42,"column":4},"end":{"line":44,"column":5}},"type":"if","locations":[{"start":{"line":42,"column":4},"end":{"line":44,"column":5}},{"start":{},"end":{}}],"line":42}},"s":{"0":2,"1":4,"2":4,"3":2,"4":2,"5":8,"6":8,"7":8,"8":2,"9":6,"10":2,"11":4,"12":2,"13":2,"14":9,"15":9,"16":9,"17":9,"18":3,"19":6,"20":2,"21":4,"22":2,"23":2},"f":{"0":4,"1":8,"2":9},"b":{"0":[2,6],"1":[2,4],"2":[3,6],"3":[9,8],"4":[2,2]},"_coverageSchema":"1a1c01bbd47fc00a2c39e90264f33305004495a9","hash":"e538989ca95c68cca8016ad0b5042ab17e7bb7f6"}
,"C:\\Users\\Amar Singh\\Desktop\\TTN\\node js\\assignment5\\backend\\models\\taskModel.js": {"path":"C:\\Users\\Amar Singh\\Desktop\\TTN\\node js\\assignment5\\backend\\models\\taskModel.js","statementMap":{"0":{"start":{"line":5,"column":4},"end":{"line":12,"column":5}},"1":{"start":{"line":6,"column":21},"end":{"line":8,"column":7}},"2":{"start":{"line":9,"column":6},"end":{"line":9,"column":25}},"3":{"start":{"line":11,"column":6},"end":{"line":11,"column":64}},"4":{"start":{"line":16,"column":4},"end":{"line":24,"column":5}},"5":{"start":{"line":17,"column":21},"end":{"line":20,"column":7}},"6":{"start":{"line":21,"column":6},"end":{"line":21,"column":28}},"7":{"start":{"line":23,"column":6},"end":{"line":23,"column":63}},"8":{"start":{"line":28,"column":4},"end":{"line":35,"column":5}},"9":{"start":{"line":29,"column":21},"end":{"line":29,"column":76}},"10":{"start":{"line":30,"column":6},"end":{"line":32,"column":7}},"11":{"start":{"line":31,"column":8},"end":{"line":31,"column":56}},"12":{"start":{"line":34,"column":6},"end":{"line":34,"column":63}}},"fnMap":{"0":{"name":"(anonymous_0)","decl":{"start":{"line":4,"column":2},"end":{"line":4,"column":3}},"loc":{"start":{"line":4,"column":22},"end":{"line":13,"column":3}},"line":4},"1":{"name":"(anonymous_1)","decl":{"start":{"line":15,"column":2},"end":{"line":15,"column":3}},"loc":{"start":{"line":15,"column":26},"end":{"line":25,"column":3}},"line":15},"2":{"name":"(anonymous_2)","decl":{"start":{"line":27,"column":2},"end":{"line":27,"column":3}},"loc":{"start":{"line":27,"column":23},"end":{"line":36,"column":3}},"line":27}},"branchMap":{"0":{"loc":{"start":{"line":30,"column":6},"end":{"line":32,"column":7}},"type":"if","locations":[{"start":{"line":30,"column":6},"end":{"line":32,"column":7}},{"start":{},"end":{}}],"line":30}},"s":{"0":2,"1":2,"2":1,"3":1,"4":2,"5":2,"6":1,"7":1,"8":3,"9":3,"10":2,"11":1,"12":2},"f":{"0":2,"1":2,"2":3},"b":{"0":[1,1]},"_coverageSchema":"1a1c01bbd47fc00a2c39e90264f33305004495a9","hash":"dc76b4a9b0e396c2647bb628f247542c2a5ff518"}
,"C:\\Users\\Amar Singh\\Desktop\\TTN\\node js\\assignment5\\backend\\routes\\taskRoutes.js": {"path":"C:\\Users\\Amar Singh\\Desktop\\TTN\\node js\\assignment5\\backend\\routes\\taskRoutes.js","statementMap":{"0":{"start":{"line":8,"column":15},"end":{"line":8,"column":31}},"1":{"start":{"line":10,"column":0},"end":{"line":10,"column":31}},"2":{"start":{"line":11,"column":0},"end":{"line":11,"column":34}},"3":{"start":{"line":12,"column":0},"end":{"line":12,"column":40}}},"fnMap":{},"branchMap":{},"s":{"0":1,"1":1,"2":1,"3":1},"f":{},"b":{},"_coverageSchema":"1a1c01bbd47fc00a2c39e90264f33305004495a9","hash":"e4d8377336a8d2c5595296313d584696ad2592a5"}
,"C:\\Users\\Amar Singh\\Desktop\\TTN\\node js\\assignment5\\backend\\services\\taskService.js": {"path":"C:\\Users\\Amar Singh\\Desktop\\TTN\\node js\\assignment5\\backend\\services\\taskService.js","statementMap":{"0":{"start":{"line":5,"column":4},"end":{"line":5,"column":31}},"1":{"start":{"line":9,"column":4},"end":{"line":13,"column":5}},"2":{"start":{"line":10,"column":6},"end":{"line":10,"column":48}},"3":{"start":{"line":12,"column":6},"end":{"line":12,"column":18}},"4":{"start":{"line":17,"column":4},"end":{"line":21,"column":5}},"5":{"start":{"line":18,"column":6},"end":{"line":18,"column":52}},"6":{"start":{"line":20,"column":6},"end":{"line":20,"column":18}},"7":{"start":{"line":25,"column":4},"end":{"line":29,"column":5}},"8":{"start":{"line":26,"column":6},"end":{"line":26,"column":42}},"9":{"start":{"line":28,"column":6},"end":{"line":28,"column":18}}},"fnMap":{"0":{"name":"(anonymous_0)","decl":{"start":{"line":4,"column":2},"end":{"line":4,"column":3}},"loc":{"start":{"line":4,"column":43},"end":{"line":6,"column":3}},"line":4},"1":{"name":"(anonymous_1)","decl":{"start":{"line":8,"column":2},"end":{"line":8,"column":3}},"loc":{"start":{"line":8,"column":19},"end":{"line":14,"column":3}},"line":8},"2":{"name":"(anonymous_2)","decl":{"start":{"line":16,"column":2},"end":{"line":16,"column":3}},"loc":{"start":{"line":16,"column":23},"end":{"line":22,"column":3}},"line":16},"3":{"name":"(anonymous_3)","decl":{"start":{"line":24,"column":2},"end":{"line":24,"column":3}},"loc":{"start":{"line":24,"column":23},"end":{"line":30,"column":3}},"line":24}},"branchMap":{"0":{"loc":{"start":{"line":4,"column":14},"end":{"line":4,"column":41}},"type":"default-arg","locations":[{"start":{"line":4,"column":26},"end":{"line":4,"column":41}}],"line":4}},"s":{"0":6,"1":2,"2":2,"3":1,"4":2,"5":2,"6":1,"7":2,"8":2,"9":1},"f":{"0":6,"1":2,"2":2,"3":2},"b":{"0":[6]},"_coverageSchema":"1a1c01bbd47fc00a2c39e90264f33305004495a9","hash":"5f7a4f77deaa96a300499c2eb41c5a0ba496e9d5"}
}
