TN:
SF:config\db.js
FNF:0
FNH:0
DA:4,1
DA:6,1
DA:7,1
LF:3
LH:3
BRF:0
BRH:0
end_of_record
TN:
SF:controllers\taskController.js
FN:4,getTasks
FN:13,createTask
FN:30,deleteTask
FNF:3
FNH:3
FNDA:4,getTasks
FNDA:8,createTask
FNDA:9,deleteTask
DA:2,2
DA:5,4
DA:6,4
DA:7,2
DA:9,2
DA:14,8
DA:15,8
DA:16,8
DA:17,2
DA:19,6
DA:20,2
DA:23,4
DA:24,2
DA:26,2
DA:31,9
DA:32,9
DA:33,9
DA:35,9
DA:36,3
DA:39,6
DA:40,2
DA:42,4
DA:43,2
DA:45,2
LF:24
LH:24
BRDA:16,0,0,2
BRDA:16,0,1,6
BRDA:19,1,0,2
BRDA:19,1,1,4
BRDA:35,2,0,3
BRDA:35,2,1,6
BRDA:35,3,0,9
BRDA:35,3,1,8
BRDA:42,4,0,2
BRDA:42,4,1,2
BRF:10
BRH:10
end_of_record
TN:
SF:models\taskModel.js
FN:4,(anonymous_0)
FN:15,(anonymous_1)
FN:27,(anonymous_2)
FNF:3
FNH:3
FNDA:2,(anonymous_0)
FNDA:2,(anonymous_1)
FNDA:3,(anonymous_2)
DA:5,2
DA:6,2
DA:9,1
DA:11,1
DA:16,2
DA:17,2
DA:21,1
DA:23,1
DA:28,3
DA:29,3
DA:30,2
DA:31,1
DA:34,2
LF:13
LH:13
BRDA:30,0,0,1
BRDA:30,0,1,1
BRF:2
BRH:2
end_of_record
TN:
SF:routes\taskRoutes.js
FNF:0
FNH:0
DA:8,1
DA:10,1
DA:11,1
DA:12,1
LF:4
LH:4
BRF:0
BRH:0
end_of_record
TN:
SF:services\taskService.js
FN:4,(anonymous_0)
FN:8,(anonymous_1)
FN:16,(anonymous_2)
FN:24,(anonymous_3)
FNF:4
FNH:4
FNDA:6,(anonymous_0)
FNDA:2,(anonymous_1)
FNDA:2,(anonymous_2)
FNDA:2,(anonymous_3)
DA:5,6
DA:9,2
DA:10,2
DA:12,1
DA:17,2
DA:18,2
DA:20,1
DA:25,2
DA:26,2
DA:28,1
LF:10
LH:10
BRDA:4,0,0,6
BRF:1
BRH:1
end_of_record
